<?xml version="1.0" encoding="UTF-8"?>
<!-- Generated by org.testng.reporters.JUnitReportReporter -->
<testsuite skipped="0" hostname="DESKTOP-3VLUI4R" name="p1.TestA" tests="2" failures="0" timestamp="2023-01-09T10:30:55 IST" time="0.016" errors="0">
  <testcase name="g" time="0.000" classname="p1.TestA"/>
  <system-out>
    <![CDATA[g executed]]>
  </system-out>
  <testcase name="f" time="0.016" classname="p1.TestA"/>
  <system-out>
    <![CDATA[f executed]]>
  </system-out>
</testsuite> <!-- p1.TestA -->
